[INFO ] 2020-03-05 23:23:39.415 [main] Log - scenario start point: As a User I should able to create teacher
[INFO ] 2020-03-05 23:25:49.404 [main] Log - scenario start point: As a User I should able to create teacher
[INFO ] 2020-03-05 23:27:18.171 [main] Log - scenario start point: As a User I should able to create teacher
[INFO ] 2020-03-05 23:29:25.575 [main] Log - scenario start point: As a User I should able to create teacher
[INFO ] 2020-03-05 23:30:58.067 [main] Log - scenario start point: As a User I should able to create teacher
[INFO ] 2020-03-05 23:33:44.247 [main] Log - scenario start point: As a User I should able to create teacher
[INFO ] 2020-03-05 23:37:07.744 [main] Log - scenario start point: As a User I should able to create teacher
[INFO ] 2020-03-05 23:38:32.100 [main] Log - scenario start point: As a User I should able to create teacher
[INFO ] 2020-03-05 23:40:10.794 [main] Log - scenario start point: As a User I should able to create teacher
[INFO ] 2020-03-06 00:21:35.725 [main] Log - scenario start point: As a User I should able to create teacher
[INFO ] 2020-03-06 00:25:18.068 [main] Log - scenario start point: As a User I should able to create teacher
[INFO ] 2020-03-06 00:26:46.906 [main] Log - scenario start point: As a User I should able to create teacher
[INFO ] 2020-03-06 00:29:23.761 [main] Log - scenario start point: As a User I should able to create teacher
[INFO ] 2020-03-06 00:37:04.905 [main] Log - scenario start point: As a User I should able to create teacher
[INFO ] 2020-03-06 00:40:14.773 [main] Log - scenario start point: As a User I should able to create teacher
[INFO ] 2020-03-06 00:48:23.692 [main] Log - scenario start point: As a User I should able to update teacher
[INFO ] 2020-03-06 01:01:26.429 [main] Log - scenario start point: As a User I should able to update teacher
[INFO ] 2020-03-06 01:02:46.311 [main] Log - scenario start point: As a User I should able to create teacher
[INFO ] 2020-03-06 01:03:03.801 [main] Log - scenario start point: As a User I should able to update teacher
[INFO ] 2020-03-06 01:05:04.046 [main] Log - scenario start point: As a User I should able to create teacher
[INFO ] 2020-03-06 01:05:21.280 [main] Log - scenario start point: As a User I should able to update teacher
[INFO ] 2020-03-06 01:07:38.526 [main] Log - scenario start point: As a User I should able to create teacher
[INFO ] 2020-03-06 01:07:55.107 [main] Log - scenario start point: As a User I should able to update teacher
[INFO ] 2020-03-06 01:09:52.975 [main] Log - scenario start point: As a User I should able to create teacher
[INFO ] 2020-03-06 01:10:10.890 [main] Log - scenario start point: As a User I should able to update teacher
[INFO ] 2020-03-06 01:14:30.481 [main] Log - scenario start point: As a User I should able to create teacher
[INFO ] 2020-03-06 01:14:47.870 [main] Log - scenario start point: As a User I should able to update teacher
[INFO ] 2020-03-06 01:17:57.910 [main] Log - scenario start point: As a User I should able to create teacher
[INFO ] 2020-03-06 01:18:15.877 [main] Log - scenario start point: As a User I should able to update teacher
[INFO ] 2020-03-06 10:04:41.035 [main] Log - scenario start point: As a User I should able to create teacher
[INFO ] 2020-03-06 10:04:58.529 [main] Log - scenario start point: As a User I should able to update teacher
[INFO ] 2020-03-06 10:07:03.989 [main] Log - scenario start point: As a User I should able to create teacher
[INFO ] 2020-03-06 10:07:20.792 [main] Log - scenario start point: As a User I should able to update teacher
[INFO ] 2020-03-06 10:10:34.343 [main] Log - scenario start point: As a User I should able to create teacher
[INFO ] 2020-03-06 10:10:52.585 [main] Log - scenario start point: As a User I should able to update teacher
[INFO ] 2020-03-06 10:13:34.033 [main] Log - scenario start point: As a User I should able to create teacher
[INFO ] 2020-03-06 10:14:16.779 [main] Log - scenario start point: As a User I should able to create teacher
[INFO ] 2020-03-06 10:14:34.505 [main] Log - scenario start point: As a User I should able to update teacher
[INFO ] 2020-03-06 10:18:08.658 [main] Log - scenario start point: As a User I should able to create teacher
[INFO ] 2020-03-06 10:18:25.575 [main] Log - scenario start point: As a User I should able to update teacher
[INFO ] 2020-03-06 10:21:13.698 [main] Log - scenario start point: As a User I should able to create teacher
[INFO ] 2020-03-06 10:21:36.385 [main] Log - scenario start point: As a User I should able to update teacher
[INFO ] 2020-03-06 10:23:40.448 [main] Log - scenario start point: As a User I should able to create teacher
[INFO ] 2020-03-06 10:24:02.780 [main] Log - scenario start point: As a User I should able to update teacher
[INFO ] 2020-03-06 10:26:42.298 [main] Log - scenario start point: As a User I should able to create teacher
[INFO ] 2020-03-06 10:27:07.838 [main] Log - scenario start point: As a User I should able to update teacher
[INFO ] 2020-03-06 10:29:39.875 [main] Log - scenario start point: As a User I should able to create teacher
[INFO ] 2020-03-06 10:30:02.528 [main] Log - scenario start point: As a User I should able to update teacher
[INFO ] 2020-03-06 10:34:36.058 [main] Log - scenario start point: As a User I should able to update teacher
[INFO ] 2020-03-06 10:41:28.393 [main] Log - scenario start point: As a User I should able to update teacher
[INFO ] 2020-03-06 10:43:41.735 [main] Log - scenario start point: As a User I should able to delete teacher
[INFO ] 2020-03-06 10:48:38.683 [main] Log - scenario start point: As a User I should able to delete teacher
[INFO ] 2020-03-06 10:52:26.761 [main] Log - scenario start point: As a User I should able to create student
[INFO ] 2020-03-06 10:58:35.096 [main] Log - scenario start point: As a User I should able to create student
[INFO ] 2020-03-06 11:46:38.697 [main] Log - scenario start point: As a User I should able to create student
[INFO ] 2020-03-06 11:48:56.211 [main] Log - scenario start point: As a User I should able to create student
[INFO ] 2020-03-06 11:50:32.311 [main] Log - scenario start point: As a User I should able to create student
[INFO ] 2020-03-06 11:52:42.303 [main] Log - scenario start point: As a User I should able to create student
[INFO ] 2020-03-06 11:54:39.280 [main] Log - scenario start point: As a User I should able to update student
[INFO ] 2020-03-06 12:16:10.618 [main] Log - scenario start point: As a User I should able to update student
[INFO ] 2020-03-06 12:27:57.403 [main] Log - scenario start point: As a User I should able to delete student
[INFO ] 2020-03-06 12:29:12.535 [main] Log - scenario start point: As a User I should able to create student
[INFO ] 2020-03-06 12:29:37.473 [main] Log - scenario start point: As a User I should able to update student
[INFO ] 2020-03-06 12:30:11.784 [main] Log - scenario start point: As a User I should able to delete student
[INFO ] 2020-03-06 12:38:26.072 [main] Log - scenario start point: As a User I should able to create teacher
[INFO ] 2020-03-06 12:43:33.166 [main] Log - scenario start point: As a User I should able to create teacher
[INFO ] 2020-03-06 12:46:06.280 [main] Log - scenario start point: As a User I should able to create teacher
[INFO ] 2020-03-06 12:48:07.368 [main] Log - scenario start point: As a User I should able to create teacher
[INFO ] 2020-03-06 13:00:58.297 [main] Log - scenario start point: As a User I should able to create teacher
[INFO ] 2020-03-06 13:05:20.246 [main] Log - scenario start point: As a User I should able to create teacher
[INFO ] 2020-03-06 13:10:09.884 [main] Log - scenario start point: As a User I should able to create teacher
[INFO ] 2020-03-06 13:14:57.496 [main] Log - scenario start point: As a User I should able to create teacher
[INFO ] 2020-03-07 11:26:54.117 [main] Log - scenario start point: As a User I should able to create teacher
[INFO ] 2020-03-08 19:20:05.252 [main] Log - scenario start point: As a User I should able to delete teacher
[INFO ] 2020-03-08 19:21:21.019 [main] Log - scenario start point: As a User I should able to delete teacher
[INFO ] 2020-03-08 19:30:48.483 [main] Log - scenario start point: As a User I should able to delete teacher
[INFO ] 2020-03-08 19:32:13.068 [main] Log - scenario start point: As a User I should able to delete teacher
[INFO ] 2020-03-08 19:33:11.794 [main] Log - scenario start point: As a User I should able to delete teacher
[INFO ] 2020-03-08 19:44:34.945 [main] Log - scenario start point: As a User I should able to create teacher
[INFO ] 2020-03-08 19:45:18.604 [main] Log - scenario start point: As a User I should able to update teacher
[INFO ] 2020-03-08 19:46:31.182 [main] Log - scenario start point: As a User I should able to delete teacher
[INFO ] 2020-03-08 19:50:29.365 [main] Log - scenario start point: As a User I should able to create teacher
[INFO ] 2020-03-08 20:38:19.335 [main] Log - scenario start point: As a User I should able to update student
[INFO ] 2020-03-08 21:19:17.066 [pool-1-thread-1] Log - scenario start point: As a User I should able to create student
[INFO ] 2020-03-08 21:19:17.082 [pool-1-thread-1] Log - scenario start point: As a User I should able to create teacher
[INFO ] 2020-03-08 21:20:07.987 [pool-1-thread-1] Log - scenario start point: As a User I should able to update student
[INFO ] 2020-03-08 21:20:09.131 [pool-1-thread-1] Log - scenario start point: As a User I should able to update teacher
[INFO ] 2020-03-08 21:20:36.450 [pool-1-thread-1] Log - scenario start point: As a User I should able to delete student
[INFO ] 2020-03-08 21:21:03.746 [pool-1-thread-1] Log - scenario start point: As a User I should able to delete teacher
[INFO ] 2020-03-08 21:26:58.181 [pool-1-thread-1] Log - scenario start point: As a User I should able to create student
[INFO ] 2020-03-08 21:26:58.187 [pool-1-thread-1] Log - scenario start point: As a User I should able to create teacher
[INFO ] 2020-03-08 21:27:26.878 [pool-1-thread-1] Log - scenario start point: As a User I should able to update student
[INFO ] 2020-03-08 21:27:27.713 [pool-1-thread-1] Log - scenario start point: As a User I should able to update teacher
[INFO ] 2020-03-08 21:27:55.179 [pool-1-thread-1] Log - scenario start point: As a User I should able to delete student
[INFO ] 2020-03-08 21:28:18.158 [pool-1-thread-1] Log - scenario start point: As a User I should able to delete teacher
[INFO ] 2020-03-08 21:31:02.907 [main] Log - scenario start point: As a User I should able to create teacher
[INFO ] 2020-03-08 21:31:44.656 [main] Log - scenario start point: As a User I should able to update teacher
[INFO ] 2020-03-08 21:32:51.334 [main] Log - scenario start point: As a User I should able to delete teacher
[INFO ] 2020-03-08 21:33:59.805 [main] Log - scenario start point: As a User I should able to create teacher
[INFO ] 2020-03-08 21:34:23.042 [main] Log - scenario start point: As a User I should able to update teacher
[INFO ] 2020-03-08 21:35:05.836 [main] Log - scenario start point: As a User I should able to delete teacher
[INFO ] 2020-03-08 21:39:06.222 [main] Log - scenario start point: As a User I should able to create teacher
[INFO ] 2020-03-08 21:39:29.704 [main] Log - scenario start point: As a User I should able to update teacher
[INFO ] 2020-03-08 21:40:12.385 [main] Log - scenario start point: As a User I should able to delete teacher
[INFO ] 2020-03-08 21:41:26.595 [main] Log - scenario start point: As a User I should able to create teacher
[INFO ] 2020-03-08 21:41:49.262 [main] Log - scenario start point: As a User I should able to update teacher
[INFO ] 2020-03-08 21:42:41.398 [main] Log - scenario start point: As a User I should able to delete teacher
[INFO ] 2020-03-08 21:43:58.857 [main] Log - scenario start point: As a User I should able to create teacher
[INFO ] 2020-03-08 21:44:21.077 [main] Log - scenario start point: As a User I should able to update teacher
[INFO ] 2020-03-08 21:45:02.529 [main] Log - scenario start point: As a User I should able to delete teacher
[INFO ] 2020-03-08 21:46:35.163 [main] Log - scenario start point: As a User I should able to create student
[INFO ] 2020-03-08 21:47:12.367 [main] Log - scenario start point: As a User I should able to update student
[INFO ] 2020-03-08 21:49:33.896 [main] Log - scenario start point: As a User I should able to update student
[INFO ] 2020-03-08 21:51:44.149 [main] Log - scenario start point: As a User I should able to update student
[INFO ] 2020-03-08 22:00:01.970 [main] Log - scenario start point: As a User I should able to update student
[INFO ] 2020-03-08 22:02:07.716 [main] Log - scenario start point: As a User I should able to delete student
[INFO ] 2020-03-08 22:05:31.332 [main] Log - scenario start point: As a User I should able to update student
[INFO ] 2020-03-08 22:07:01.428 [main] Log - scenario start point: As a User I should able to update student
[INFO ] 2020-03-08 22:16:26.818 [main] Log - scenario start point: As a User I should able to update student
[INFO ] 2020-03-08 22:24:40.833 [main] Log - scenario start point: As a User I should able to update student
[INFO ] 2020-03-08 22:25:33.729 [main] Log - scenario start point: As a User I should able to delete student
[INFO ] 2020-03-08 22:26:47.853 [main] Log - scenario start point: As a User I should able to delete student
[INFO ] 2020-03-08 22:27:32.005 [main] Log - scenario start point: As a User I should able to create student
[INFO ] 2020-03-08 22:27:53.912 [main] Log - scenario start point: As a User I should able to update student
[INFO ] 2020-03-08 22:28:20.552 [main] Log - scenario start point: As a User I should able to delete student
[INFO ] 2020-03-08 22:29:13.601 [pool-1-thread-1] Log - scenario start point: As a User I should able to create student
[INFO ] 2020-03-08 22:29:13.601 [pool-1-thread-1] Log - scenario start point: As a User I should able to create teacher
[INFO ] 2020-03-08 22:29:40.575 [pool-1-thread-1] Log - scenario start point: As a User I should able to update student
[INFO ] 2020-03-08 22:29:42.590 [pool-1-thread-1] Log - scenario start point: As a User I should able to update teacher
[INFO ] 2020-03-08 22:30:19.641 [pool-1-thread-1] Log - scenario start point: As a User I should able to delete student
[INFO ] 2020-03-08 22:30:33.211 [pool-1-thread-1] Log - scenario start point: As a User I should able to delete teacher
[INFO ] 2020-03-08 22:34:11.707 [main] Log - scenario start point: As a User I should able to create student
[INFO ] 2020-03-08 22:34:34.099 [main] Log - scenario start point: As a User I should able to update student
[INFO ] 2020-03-08 22:35:09.539 [main] Log - scenario start point: As a User I should able to delete student
[INFO ] 2020-03-08 22:35:46.676 [main] Log - scenario start point: As a User I should able to create student
[INFO ] 2020-03-08 22:36:08.513 [main] Log - scenario start point: As a User I should able to update student
[INFO ] 2020-03-08 22:36:37.330 [main] Log - scenario start point: As a User I should able to delete student
[INFO ] 2020-03-08 22:38:57.074 [main] Log - scenario start point: As a User I should able to create student
[INFO ] 2020-03-08 22:39:19.047 [main] Log - scenario start point: As a User I should able to update student
[INFO ] 2020-03-08 22:39:42.611 [main] Log - scenario start point: As a User I should able to delete student
[INFO ] 2020-03-08 22:40:04.661 [main] Log - scenario start point: As a User I should able to create teacher
[INFO ] 2020-03-08 22:40:25.828 [main] Log - scenario start point: As a User I should able to update teacher
[INFO ] 2020-03-08 22:41:07.070 [main] Log - scenario start point: As a User I should able to delete teacher
[INFO ] 2020-03-08 22:45:06.295 [pool-1-thread-1] Log - scenario start point: As a User I should able to create teacher
[INFO ] 2020-03-08 22:45:06.318 [pool-1-thread-1] Log - scenario start point: As a User I should able to create student
[INFO ] 2020-03-08 22:45:32.931 [pool-1-thread-1] Log - scenario start point: As a User I should able to update teacher
[INFO ] 2020-03-08 22:45:34.557 [pool-1-thread-1] Log - scenario start point: As a User I should able to update student
[INFO ] 2020-03-08 22:46:01.177 [pool-1-thread-1] Log - scenario start point: As a User I should able to delete student
[INFO ] 2020-03-08 22:46:28.624 [pool-1-thread-1] Log - scenario start point: As a User I should able to delete teacher
[INFO ] 2020-03-09 15:00:58.058 [main] Log - scenario start point: As a User I should able to create teacher
[INFO ] 2020-03-09 15:03:39.956 [main] Log - scenario start point: As a User I should able to create teacher
[INFO ] 2020-03-09 15:04:04.134 [main] Log - scenario start point: As a User I should able to update teacher
[INFO ] 2020-03-09 15:04:45.573 [main] Log - scenario start point: As a User I should able to delete teacher
[INFO ] 2020-03-09 15:08:00.051 [main] Log - scenario start point: As a User I should able to update teacher
[INFO ] 2020-03-09 15:11:49.245 [main] Log - scenario start point: As a User I should able to delete teacher
